<?xml version="1.0" encoding="UTF-8"?>
<testsuite name="MultiplexTests" tests="1" skipped="0" failures="0" errors="0" timestamp="2022-09-02T06:52:12" hostname="DESKTOP-0PGK542" time="3.389">
  <properties/>
  <testcase name="checkLoginSyst" classname="MultiplexTests" time="3.389"/>
  <system-out><![CDATA[]]></system-out>
  <system-err><![CDATA[]]></system-err>
</testsuite>
